- One or more packages recorded in the lockfile are not installed.
- Use `renv::status()` for more details.
Target: Plants
Test: FALSE
HPC: TRUE
Parallel: TRUE
Output directory: results/
Appending: 
Seed: 123
Upsample: FALSE
Local Classifier per Node (LCN): 
    pmid abstract   target 
       0        0        0 
# A tibble: 8 × 2
  target      n
  <fct>   <int>
1 ARA       160
2 BET       112
3 CED        74
4 GLUT      445
5 GRA       113
6 LAT        28
7 OTPLA     146
8 OTTREES    86
══ Workflow ════════════════════════════════════════════════════════════════════
Preprocessor: Recipe
Model: rand_forest()

── Preprocessor ────────────────────────────────────────────────────────────────
5 Recipe Steps

• step_tokenize()
• step_stopwords()
• step_stem()
• step_tokenfilter()
• step_tfidf()

── Model ───────────────────────────────────────────────────────────────────────
Random Forest Model Specification (classification)

Main Arguments:
  mtry = tune()
  trees = tune()
  min_n = tune()

Engine-Specific Arguments:
  importance = impurity

Computational engine: ranger 

Number of cores: 10
[1] "2023-11-26 10:35:06 CET"
Time difference of 1.070023 hours
