Loaded dependency [R/4.3.1-mkl2023update1]: cmake/3.26.3
Loaded dependency [R/4.3.1-mkl2023update1]: openjdk/11
Loaded dependency [R/4.3.1-mkl2023update1]: gcc/12.3.0-binutils-2.40
Loaded dependency [R/4.3.1-mkl2023update1]: intel/2023.1.0.mkl
Loaded module: R/4.3.1-mkl2023update1

Loading R/4.3.1-mkl2023update1
  Loading requirement: cmake/3.26.3 openjdk/11 gcc/12.3.0-binutils-2.40
    intel/2023.1.0.mkl
── Attaching core tidyverse packages ──────────────────────── tidyverse 2.0.0 ──
✔ dplyr     1.1.3     ✔ readr     2.1.4
✔ forcats   1.0.0     ✔ stringr   1.5.0
✔ ggplot2   3.4.3     ✔ tibble    3.2.1
✔ lubridate 1.9.2     ✔ tidyr     1.3.0
✔ purrr     1.0.2     
── Conflicts ────────────────────────────────────────── tidyverse_conflicts() ──
✖ dplyr::filter() masks stats::filter()
✖ dplyr::lag()    masks stats::lag()
ℹ Use the conflicted package (<http://conflicted.r-lib.org/>) to force all conflicts to become errors
Loading required package: recipes
Warning: future: Ignoring invalid number of processes specified in command-line option: -p --hpc

Attaching package: ‘recipes’

The following object is masked from ‘package:stringr’:

    fixed

The following object is masked from ‘package:stats’:

    step

Warning message:
In parseCmdArgs() : NAs introduced by coercion
── Attaching packages ────────────────────────────────────── tidymodels 1.1.1 ──
✔ broom        1.0.5     ✔ rsample      1.2.0
✔ dials        1.2.0     ✔ tune         1.1.2
✔ infer        1.0.5     ✔ workflows    1.1.3
✔ modeldata    1.2.0     ✔ workflowsets 1.0.1
✔ parsnip      1.1.1     ✔ yardstick    1.2.0
── Conflicts ───────────────────────────────────────── tidymodels_conflicts() ──
✖ scales::discard() masks purrr::discard()
✖ dplyr::filter()   masks stats::filter()
✖ recipes::fixed()  masks stringr::fixed()
✖ dplyr::lag()      masks stats::lag()
✖ yardstick::spec() masks readr::spec()
✖ recipes::step()   masks stats::step()
• Use suppressPackageStartupMessages() to eliminate package startup messages

Attaching package: ‘discrim’

The following object is masked from ‘package:dials’:

    smoothness

------------------------------------------------------------------------------
You have loaded plyr after dplyr - this is likely to cause problems.
If you need functions from both plyr and dplyr, please load plyr first, then dplyr:
library(plyr); library(dplyr)
------------------------------------------------------------------------------

Attaching package: ‘plyr’

The following objects are masked from ‘package:dplyr’:

    arrange, count, desc, failwith, id, mutate, rename, summarise,
    summarize

The following object is masked from ‘package:purrr’:

    compact


Attaching package: ‘rules’

The following object is masked from ‘package:dials’:

    max_rules

Loading required package: foreach

Attaching package: ‘foreach’

The following objects are masked from ‘package:purrr’:

    accumulate, when

Loading required package: future
Loading required package: lattice

Attaching package: ‘caret’

The following object is masked from ‘package:future’:

    cluster

The following objects are masked from ‘package:yardstick’:

    precision, recall, sensitivity, specificity

The following object is masked from ‘package:purrr’:

    lift

i Fold1: preprocessor 1/5
i Fold1: preprocessor 1/5
i Fold1: preprocessor 1/5
i Fold1: preprocessor 1/5
i Fold1: preprocessor 1/5
i Fold1: preprocessor 1/5
i Fold1: preprocessor 1/5
i Fold1: preprocessor 1/5
i Fold1: preprocessor 1/5
i Fold1: preprocessor 1/5
i Fold1: preprocessor 1/5
i Fold1: preprocessor 1/5
i Fold1: preprocessor 1/5
i Fold1: preprocessor 1/5
i Fold1: preprocessor 1/5
i Fold1: preprocessor 1/5
i Fold1: preprocessor 1/5
i Fold1: preprocessor 1/5
i Fold1: preprocessor 1/5
i Fold1: preprocessor 1/5
i Fold1: preprocessor 1/5
i Fold1: preprocessor 1/5
i Fold1: preprocessor 1/5
i Fold1: preprocessor 1/5
✓ Fold1: preprocessor 1/5
i Fold1: preprocessor 1/5, model 1/125
✓ Fold1: preprocessor 1/5
i Fold1: preprocessor 1/5, model 3/125
✓ Fold1: preprocessor 1/5
i Fold1: preprocessor 1/5, model 2/125
✓ Fold1: preprocessor 1/5
✓ Fold1: preprocessor 1/5
i Fold1: preprocessor 1/5, model 8/125
i Fold1: preprocessor 1/5, model 7/125
✓ Fold1: preprocessor 1/5
i Fold1: preprocessor 1/5, model 4/125
✓ Fold1: preprocessor 1/5
i Fold1: preprocessor 1/5, model 21/125
✓ Fold1: preprocessor 1/5
i Fold1: preprocessor 1/5, model 12/125
✓ Fold1: preprocessor 1/5
i Fold1: preprocessor 1/5, model 5/125
✓ Fold1: preprocessor 1/5
i Fold1: preprocessor 1/5, model 9/125
✓ Fold1: preprocessor 1/5
i Fold1: preprocessor 1/5, model 10/125
✓ Fold1: preprocessor 1/5
i Fold1: preprocessor 1/5, model 13/125
✓ Fold1: preprocessor 1/5
i Fold1: preprocessor 1/5, model 17/125
✓ Fold1: preprocessor 1/5
i Fold1: preprocessor 1/5, model 6/125
✓ Fold1: preprocessor 1/5
i Fold1: preprocessor 1/5, model 15/125
✓ Fold1: preprocessor 1/5
i Fold1: preprocessor 1/5, model 11/125
✓ Fold1: preprocessor 1/5
✓ Fold1: preprocessor 1/5
i Fold1: preprocessor 1/5, model 14/125
i Fold1: preprocessor 1/5, model 16/125
✓ Fold1: preprocessor 1/5
i Fold1: preprocessor 1/5, model 19/125
✓ Fold1: preprocessor 1/5
i Fold1: preprocessor 1/5, model 24/125
✓ Fold1: preprocessor 1/5
✓ Fold1: preprocessor 1/5
i Fold1: preprocessor 1/5, model 20/125
i Fold1: preprocessor 1/5, model 22/125
✓ Fold1: preprocessor 1/5
i Fold1: preprocessor 1/5, model 23/125
✓ Fold1: preprocessor 1/5
i Fold1: preprocessor 1/5, model 18/125
✓ Fold1: preprocessor 1/5, model 1/125
i Fold1: preprocessor 1/5, model 1/125 (extracts)
i Fold1: preprocessor 1/5, model 1/125 (predictions)
✓ Fold1: preprocessor 1/5, model 21/125
i Fold1: preprocessor 1/5, model 21/125 (extracts)
i Fold1: preprocessor 1/5, model 21/125 (predictions)
✓ Fold1: preprocessor 1/5, model 11/125
i Fold1: preprocessor 1/5, model 11/125 (extracts)
i Fold1: preprocessor 1/5, model 11/125 (predictions)
✓ Fold1: preprocessor 1/5, model 16/125
i Fold1: preprocessor 1/5, model 16/125 (extracts)
i Fold1: preprocessor 1/5, model 16/125 (predictions)
✓ Fold1: preprocessor 1/5, model 6/125
i Fold1: preprocessor 1/5, model 6/125 (extracts)
i Fold1: preprocessor 1/5, model 6/125 (predictions)
i Fold1: preprocessor 1/5
i Fold1: preprocessor 1/5
i Fold1: preprocessor 1/5
i Fold1: preprocessor 1/5
i Fold1: preprocessor 1/5
✓ Fold1: preprocessor 1/5, model 17/125
i Fold1: preprocessor 1/5, model 17/125 (extracts)
i Fold1: preprocessor 1/5, model 17/125 (predictions)
✓ Fold1: preprocessor 1/5, model 7/125
i Fold1: preprocessor 1/5, model 7/125 (extracts)
i Fold1: preprocessor 1/5, model 7/125 (predictions)
✓ Fold1: preprocessor 1/5, model 22/125
i Fold1: preprocessor 1/5, model 22/125 (extracts)
i Fold1: preprocessor 1/5, model 22/125 (predictions)
✓ Fold1: preprocessor 1/5, model 12/125
i Fold1: preprocessor 1/5, model 12/125 (extracts)
i Fold1: preprocessor 1/5, model 12/125 (predictions)
✓ Fold1: preprocessor 1/5, model 2/125
i Fold1: preprocessor 1/5, model 2/125 (extracts)
i Fold1: preprocessor 1/5, model 2/125 (predictions)
i Fold1: preprocessor 1/5
i Fold1: preprocessor 1/5
i Fold1: preprocessor 1/5
i Fold1: preprocessor 1/5
✓ Fold1: preprocessor 1/5
i Fold1: preprocessor 1/5, model 35/125
✓ Fold1: preprocessor 1/5
i Fold1: preprocessor 1/5, model 25/125
i Fold1: preprocessor 1/5
✓ Fold1: preprocessor 1/5
i Fold1: preprocessor 1/5, model 30/125
✓ Fold1: preprocessor 1/5
i Fold1: preprocessor 1/5, model 45/125
✓ Fold1: preprocessor 1/5
i Fold1: preprocessor 1/5, model 40/125
✓ Fold1: preprocessor 1/5, model 3/125
i Fold1: preprocessor 1/5, model 3/125 (extracts)
i Fold1: preprocessor 1/5, model 3/125 (predictions)
✓ Fold1: preprocessor 1/5, model 13/125
i Fold1: preprocessor 1/5, model 13/125 (extracts)
i Fold1: preprocessor 1/5, model 13/125 (predictions)
✓ Fold1: preprocessor 1/5, model 23/125
i Fold1: preprocessor 1/5, model 23/125 (extracts)
i Fold1: preprocessor 1/5, model 23/125 (predictions)
✓ Fold1: preprocessor 1/5, model 8/125
i Fold1: preprocessor 1/5, model 8/125 (extracts)
i Fold1: preprocessor 1/5, model 8/125 (predictions)
✓ Fold1: preprocessor 1/5, model 18/125
i Fold1: preprocessor 1/5, model 18/125 (extracts)
i Fold1: preprocessor 1/5, model 18/125 (predictions)
i Fold1: preprocessor 1/5
i Fold1: preprocessor 1/5
i Fold1: preprocessor 1/5
i Fold1: preprocessor 1/5
i Fold1: preprocessor 1/5
✓ Fold1: preprocessor 1/5
i Fold1: preprocessor 1/5, model 31/125
✓ Fold1: preprocessor 1/5
i Fold1: preprocessor 1/5, model 41/125
✓ Fold1: preprocessor 1/5
i Fold1: preprocessor 1/5, model 36/125
✓ Fold1: preprocessor 1/5
i Fold1: preprocessor 1/5, model 46/125
✓ Fold1: preprocessor 1/5
i Fold1: preprocessor 1/5, model 26/125
✓ Fold1: preprocessor 1/5, model 41/125
i Fold1: preprocessor 1/5, model 41/125 (extracts)
i Fold1: preprocessor 1/5, model 41/125 (predictions)
✓ Fold1: preprocessor 1/5, model 31/125
i Fold1: preprocessor 1/5, model 31/125 (extracts)
i Fold1: preprocessor 1/5, model 31/125 (predictions)
i Fold1: preprocessor 1/5
✓ Fold1: preprocessor 1/5, model 36/125
i Fold1: preprocessor 1/5, model 36/125 (extracts)
i Fold1: preprocessor 1/5, model 36/125 (predictions)
i Fold1: preprocessor 1/5
✓ Fold1: preprocessor 1/5, model 24/125
i Fold1: preprocessor 1/5, model 24/125 (extracts)
i Fold1: preprocessor 1/5, model 24/125 (predictions)
✓ Fold1: preprocessor 1/5, model 46/125
i Fold1: preprocessor 1/5, model 46/125 (extracts)
i Fold1: preprocessor 1/5, model 46/125 (predictions)
✓ Fold1: preprocessor 1/5, model 19/125
i Fold1: preprocessor 1/5, model 19/125 (extracts)
i Fold1: preprocessor 1/5, model 19/125 (predictions)
✓ Fold1: preprocessor 1/5, model 14/125
i Fold1: preprocessor 1/5, model 14/125 (extracts)
i Fold1: preprocessor 1/5, model 14/125 (predictions)
✓ Fold1: preprocessor 1/5, model 4/125
i Fold1: preprocessor 1/5, model 4/125 (extracts)
i Fold1: preprocessor 1/5, model 4/125 (predictions)
✓ Fold1: preprocessor 1/5, model 26/125
i Fold1: preprocessor 1/5, model 26/125 (extracts)
i Fold1: preprocessor 1/5, model 26/125 (predictions)
i Fold1: preprocessor 1/5
i Fold1: preprocessor 1/5
i Fold1: preprocessor 1/5
i Fold1: preprocessor 1/5
✓ Fold1: preprocessor 1/5, model 9/125
i Fold1: preprocessor 1/5, model 9/125 (extracts)
i Fold1: preprocessor 1/5, model 9/125 (predictions)
i Fold1: preprocessor 1/5
i Fold1: preprocessor 1/5
✓ Fold1: preprocessor 1/5
i Fold1: preprocessor 1/5, model 27/125
i Fold1: preprocessor 1/5
i Fold1: preprocessor 1/5
✓ Fold1: preprocessor 1/5
i Fold1: preprocessor 1/5, model 37/125
✓ Fold1: preprocessor 1/5
i Fold1: preprocessor 1/5, model 47/125
✓ Fold1: preprocessor 1/5
i Fold1: preprocessor 1/5, model 42/125
✓ Fold1: preprocessor 1/5
i Fold1: preprocessor 1/5, model 32/125
✓ Fold1: preprocessor 1/5
i Fold1: preprocessor 1/5, model 55/125
✓ Fold1: preprocessor 1/5, model 15/125
i Fold1: preprocessor 1/5, model 15/125 (extracts)
i Fold1: preprocessor 1/5, model 15/125 (predictions)
✓ Fold1: preprocessor 1/5, model 5/125
i Fold1: preprocessor 1/5, model 5/125 (extracts)
i Fold1: preprocessor 1/5, model 5/125 (predictions)
✓ Fold1: preprocessor 1/5
i Fold1: preprocessor 1/5, model 65/125
✓ Fold1: preprocessor 1/5
i Fold1: preprocessor 1/5, model 70/125
✓ Fold1: preprocessor 1/5
i Fold1: preprocessor 1/5, model 48/125
✓ Fold1: preprocessor 1/5
i Fold1: preprocessor 1/5, model 28/125
i Fold1: preprocessor 1/5
✓ Fold1: preprocessor 1/5, model 20/125
i Fold1: preprocessor 1/5, model 20/125 (extracts)
i Fold1: preprocessor 1/5, model 20/125 (predictions)
✓ Fold1: preprocessor 1/5
i Fold1: preprocessor 1/5, model 38/125
✓ Fold1: preprocessor 1/5, model 10/125
i Fold1: preprocessor 1/5, model 10/125 (extracts)
i Fold1: preprocessor 1/5, model 10/125 (predictions)
i Fold1: preprocessor 1/5
✓ Fold1: preprocessor 1/5
i Fold1: preprocessor 1/5, model 43/125
✓ Fold1: preprocessor 1/5
i Fold1: preprocessor 1/5, model 60/125
i Fold1: preprocessor 1/5
i Fold1: preprocessor 1/5
✓ Fold1: preprocessor 1/5
i Fold1: preprocessor 1/5, model 33/125
✓ Fold1: preprocessor 1/5
i Fold1: preprocessor 1/5, model 50/125
✓ Fold1: preprocessor 1/5, model 37/125
i Fold1: preprocessor 1/5, model 37/125 (extracts)
i Fold1: preprocessor 1/5, model 37/125 (predictions)
✓ Fold1: preprocessor 1/5, model 27/125
i Fold1: preprocessor 1/5, model 27/125 (extracts)
i Fold1: preprocessor 1/5, model 27/125 (predictions)
✓ Fold1: preprocessor 1/5, model 42/125
i Fold1: preprocessor 1/5, model 42/125 (extracts)
i Fold1: preprocessor 1/5, model 42/125 (predictions)
✓ Fold1: preprocessor 1/5, model 47/125
i Fold1: preprocessor 1/5, model 47/125 (extracts)
i Fold1: preprocessor 1/5, model 47/125 (predictions)
i Fold1: preprocessor 1/5
i Fold1: preprocessor 1/5
i Fold1: preprocessor 1/5
i Fold1: preprocessor 1/5
✓ Fold1: preprocessor 1/5
i Fold1: preprocessor 1/5, model 39/125
✓ Fold1: preprocessor 1/5
i Fold1: preprocessor 1/5, model 29/125
✓ Fold1: preprocessor 1/5, model 32/125
i Fold1: preprocessor 1/5, model 32/125 (extracts)
i Fold1: preprocessor 1/5, model 32/125 (predictions)
✓ Fold1: preprocessor 1/5
i Fold1: preprocessor 1/5, model 34/125
i Fold1: preprocessor 1/5
✓ Fold1: preprocessor 1/5, model 25/125
i Fold1: preprocessor 1/5, model 25/125 (extracts)
i Fold1: preprocessor 1/5, model 25/125 (predictions)
i Fold1: preprocessor 1/5
✓ Fold1: preprocessor 1/5
i Fold1: preprocessor 1/5, model 44/125
✓ Fold1: preprocessor 1/5
i Fold1: preprocessor 1/5, model 51/125
✓ Fold1: preprocessor 1/5
i Fold1: preprocessor 1/5, model 61/125
✓ Fold1: preprocessor 1/5
i Fold1: preprocessor 1/5, model 71/125
✓ Fold1: preprocessor 1/5
i Fold1: preprocessor 1/5, model 66/125
✓ Fold1: preprocessor 1/5, model 51/125
i Fold1: preprocessor 1/5, model 51/125 (extracts)
i Fold1: preprocessor 1/5, model 51/125 (predictions)
✓ Fold1: preprocessor 1/5
i Fold1: preprocessor 1/5, model 56/125
✓ Fold1: preprocessor 1/5, model 61/125
i Fold1: preprocessor 1/5, model 61/125 (extracts)
i Fold1: preprocessor 1/5, model 61/125 (predictions)
✓ Fold1: preprocessor 1/5, model 71/125
i Fold1: preprocessor 1/5, model 71/125 (extracts)
i Fold1: preprocessor 1/5, model 71/125 (predictions)
✓ Fold1: preprocessor 1/5, model 66/125
i Fold1: preprocessor 1/5, model 66/125 (extracts)
i Fold1: preprocessor 1/5, model 66/125 (predictions)
i Fold1: preprocessor 1/5
i Fold1: preprocessor 1/5
i Fold1: preprocessor 1/5
✓ Fold1: preprocessor 1/5, model 48/125
i Fold1: preprocessor 1/5, model 48/125 (extracts)
i Fold1: preprocessor 1/5, model 48/125 (predictions)
i Fold1: preprocessor 1/5
✓ Fold1: preprocessor 1/5, model 38/125
i Fold1: preprocessor 1/5, model 38/125 (extracts)
i Fold1: preprocessor 1/5, model 38/125 (predictions)
✓ Fold1: preprocessor 1/5, model 43/125
i Fold1: preprocessor 1/5, model 43/125 (extracts)
i Fold1: preprocessor 1/5, model 43/125 (predictions)
✓ Fold1: preprocessor 1/5, model 45/125
i Fold1: preprocessor 1/5, model 45/125 (extracts)
i Fold1: preprocessor 1/5, model 45/125 (predictions)
i Fold1: preprocessor 1/5
✓ Fold1: preprocessor 1/5, model 35/125
i Fold1: preprocessor 1/5, model 35/125 (extracts)
i Fold1: preprocessor 1/5, model 35/125 (predictions)
✓ Fold1: preprocessor 1/5, model 56/125
i Fold1: preprocessor 1/5, model 56/125 (extracts)
i Fold1: preprocessor 1/5, model 56/125 (predictions)
✓ Fold1: preprocessor 1/5
i Fold1: preprocessor 1/5, model 49/125
i Fold1: preprocessor 1/5
✓ Fold1: preprocessor 1/5, model 28/125
i Fold1: preprocessor 1/5, model 28/125 (extracts)
i Fold1: preprocessor 1/5, model 28/125 (predictions)
i Fold1: preprocessor 1/5
✓ Fold1: preprocessor 1/5, model 30/125
i Fold1: preprocessor 1/5, model 30/125 (extracts)
i Fold1: preprocessor 1/5, model 30/125 (predictions)
i Fold1: preprocessor 1/5
i Fold1: preprocessor 1/5
✓ Fold1: preprocessor 1/5, model 40/125
i Fold1: preprocessor 1/5, model 40/125 (extracts)
i Fold1: preprocessor 1/5, model 40/125 (predictions)
i Fold1: preprocessor 1/5
i Fold1: preprocessor 1/5
✓ Fold1: preprocessor 1/5, model 33/125
i Fold1: preprocessor 1/5, model 33/125 (extracts)
i Fold1: preprocessor 1/5, model 33/125 (predictions)
i Fold1: preprocessor 1/5
i Fold1: preprocessor 1/5
i Fold1: preprocessor 1/5
✓ Fold1: preprocessor 1/5
i Fold1: preprocessor 1/5, model 85/125
✓ Fold1: preprocessor 1/5
i Fold1: preprocessor 1/5, model 75/125
✓ Fold1: preprocessor 1/5
i Fold1: preprocessor 1/5, model 72/125
✓ Fold1: preprocessor 1/5
i Fold1: preprocessor 1/5, model 62/125
✓ Fold1: preprocessor 1/5
i Fold1: preprocessor 1/5, model 95/125
✓ Fold1: preprocessor 1/5
i Fold1: preprocessor 1/5, model 59/125
✓ Fold1: preprocessor 1/5
i Fold1: preprocessor 1/5, model 90/125
✓ Fold1: preprocessor 1/5
i Fold1: preprocessor 1/5, model 69/125
✓ Fold1: preprocessor 1/5
i Fold1: preprocessor 1/5, model 67/125
✓ Fold1: preprocessor 1/5
i Fold1: preprocessor 1/5, model 80/125
✓ Fold1: preprocessor 1/5
i Fold1: preprocessor 1/5, model 52/125
✓ Fold1: preprocessor 1/5
i Fold1: preprocessor 1/5, model 54/125
✓ Fold1: preprocessor 1/5
i Fold1: preprocessor 1/5, model 64/125
✓ Fold1: preprocessor 1/5
i Fold1: preprocessor 1/5, model 57/125
✓ Fold1: preprocessor 1/5, model 39/125
i Fold1: preprocessor 1/5, model 39/125 (extracts)
i Fold1: preprocessor 1/5, model 39/125 (predictions)
✓ Fold1: preprocessor 1/5, model 34/125
i Fold1: preprocessor 1/5, model 34/125 (extracts)
i Fold1: preprocessor 1/5, model 34/125 (predictions)
✓ Fold1: preprocessor 1/5, model 29/125
i Fold1: preprocessor 1/5, model 29/125 (extracts)
i Fold1: preprocessor 1/5, model 29/125 (predictions)
i Fold1: preprocessor 1/5
i Fold1: preprocessor 1/5
i Fold1: preprocessor 1/5
✓ Fold1: preprocessor 1/5, model 44/125
i Fold1: preprocessor 1/5, model 44/125 (extracts)
i Fold1: preprocessor 1/5, model 44/125 (predictions)
✓ Fold1: preprocessor 1/5, model 72/125
i Fold1: preprocessor 1/5, model 72/125 (extracts)
i Fold1: preprocessor 1/5, model 72/125 (predictions)
i Fold1: preprocessor 1/5
i Fold1: preprocessor 1/5
✓ Fold1: preprocessor 1/5, model 62/125
i Fold1: preprocessor 1/5, model 62/125 (extracts)
i Fold1: preprocessor 1/5, model 62/125 (predictions)
✓ Fold1: preprocessor 1/5, model 67/125
i Fold1: preprocessor 1/5, model 67/125 (extracts)
i Fold1: preprocessor 1/5, model 67/125 (predictions)
i Fold1: preprocessor 1/5
i Fold1: preprocessor 1/5
✓ Fold1: preprocessor 1/5
i Fold1: preprocessor 1/5, model 63/125
✓ Fold1: preprocessor 1/5, model 55/125
i Fold1: preprocessor 1/5, model 55/125 (extracts)
i Fold1: preprocessor 1/5, model 55/125 (predictions)
✓ Fold1: preprocessor 1/5, model 52/125
i Fold1: preprocessor 1/5, model 52/125 (extracts)
i Fold1: preprocessor 1/5, model 52/125 (predictions)
✓ Fold1: preprocessor 1/5
i Fold1: preprocessor 1/5, model 53/125
✓ Fold1: preprocessor 1/5
✓ Fold1: preprocessor 1/5, model 65/125
i Fold1: preprocessor 1/5, model 58/125
i Fold1: preprocessor 1/5, model 65/125 (extracts)
i Fold1: preprocessor 1/5, model 65/125 (predictions)
✓ Fold1: preprocessor 1/5, model 50/125
i Fold1: preprocessor 1/5, model 50/125 (extracts)
i Fold1: preprocessor 1/5, model 50/125 (predictions)


Execution halted
