Loaded dependency [R/4.3.1-mkl2023update1]: cmake/3.26.3
Loaded dependency [R/4.3.1-mkl2023update1]: openjdk/11
Loaded dependency [R/4.3.1-mkl2023update1]: gcc/12.3.0-binutils-2.40
Loaded dependency [R/4.3.1-mkl2023update1]: intel/2023.1.0.mkl
Loaded module: R/4.3.1-mkl2023update1

Loading R/4.3.1-mkl2023update1
  Loading requirement: cmake/3.26.3 openjdk/11 gcc/12.3.0-binutils-2.40
    intel/2023.1.0.mkl
── Attaching core tidyverse packages ──────────────────────── tidyverse 2.0.0 ──
✔ dplyr     1.1.3     ✔ readr     2.1.4
✔ forcats   1.0.0     ✔ stringr   1.5.0
✔ ggplot2   3.4.3     ✔ tibble    3.2.1
✔ lubridate 1.9.2     ✔ tidyr     1.3.0
✔ purrr     1.0.2     
── Conflicts ────────────────────────────────────────── tidyverse_conflicts() ──
✖ dplyr::filter() masks stats::filter()
✖ dplyr::lag()    masks stats::lag()
ℹ Use the conflicted package (<http://conflicted.r-lib.org/>) to force all conflicts to become errors
Loading required package: recipes
Warning: future: Ignoring invalid number of processes specified in command-line option: -p --hpc

Attaching package: ‘recipes’

The following object is masked from ‘package:stringr’:

    fixed

The following object is masked from ‘package:stats’:

    step

Warning message:
In parseCmdArgs() : NAs introduced by coercion
── Attaching packages ────────────────────────────────────── tidymodels 1.1.1 ──
✔ broom        1.0.5     ✔ rsample      1.2.0
✔ dials        1.2.0     ✔ tune         1.1.2
✔ infer        1.0.5     ✔ workflows    1.1.3
✔ modeldata    1.2.0     ✔ workflowsets 1.0.1
✔ parsnip      1.1.1     ✔ yardstick    1.2.0
── Conflicts ───────────────────────────────────────── tidymodels_conflicts() ──
✖ scales::discard() masks purrr::discard()
✖ dplyr::filter()   masks stats::filter()
✖ recipes::fixed()  masks stringr::fixed()
✖ dplyr::lag()      masks stats::lag()
✖ yardstick::spec() masks readr::spec()
✖ recipes::step()   masks stats::step()
• Dig deeper into tidy modeling with R at https://www.tmwr.org

Attaching package: ‘discrim’

The following object is masked from ‘package:dials’:

    smoothness

------------------------------------------------------------------------------
You have loaded plyr after dplyr - this is likely to cause problems.
If you need functions from both plyr and dplyr, please load plyr first, then dplyr:
library(plyr); library(dplyr)
------------------------------------------------------------------------------

Attaching package: ‘plyr’

The following objects are masked from ‘package:dplyr’:

    arrange, count, desc, failwith, id, mutate, rename, summarise,
    summarize

The following object is masked from ‘package:purrr’:

    compact


Attaching package: ‘rules’

The following object is masked from ‘package:dials’:

    max_rules

Loading required package: foreach

Attaching package: ‘foreach’

The following objects are masked from ‘package:purrr’:

    accumulate, when

Loading required package: future
Loading required package: lattice

Attaching package: ‘caret’

The following object is masked from ‘package:future’:

    cluster

The following objects are masked from ‘package:yardstick’:

    precision, recall, sensitivity, specificity

The following object is masked from ‘package:purrr’:

    lift

Error: There is only one target variable. It is therefore not possible to train a classifier.
Execution halted
