- One or more packages recorded in the lockfile are not installed.
- Use `renv::status()` for more details.
Target: Other
Test: FALSE
HPC: TRUE
Parallel: TRUE
Output directory: results/
Appending: 
Seed: 123
Upsample: FALSE
Local Classifier per Node (LCN): 
    pmid abstract   target 
       0        0        0 
# A tibble: 6 × 2
  target               n
  <fct>            <int>
1 Chemical           441
2 Model_Antigen     1642
3 Other_Other       1740
4 Peptidic_Antigen  3168
5 Role              1300
6 Technique_Based   3220
══ Workflow ════════════════════════════════════════════════════════════════════
Preprocessor: Recipe
Model: rand_forest()

── Preprocessor ────────────────────────────────────────────────────────────────
5 Recipe Steps

• step_tokenize()
• step_stopwords()
• step_stem()
• step_tokenfilter()
• step_tfidf()

── Model ───────────────────────────────────────────────────────────────────────
Random Forest Model Specification (classification)

Main Arguments:
  mtry = tune()
  trees = tune()
  min_n = tune()

Engine-Specific Arguments:
  importance = impurity

Computational engine: ranger 

Number of cores: 10
[1] "2023-11-24 00:21:57 CET"
Time difference of 23.7278 hours
