- One or more packages recorded in the lockfile are not installed.
- Use `renv::status()` for more details.
R: Load the articles...
R: Classifying the articles...
R: Load class labels...
R: Load level 1 model...
R: Level 1 model loaded!
R: Classifying articles according to level 1 model...
R: Classifying articles according to level 2 models...R: Load model for category Other ...
R: Load model for category Autoimm ...
R: Load model for category Infectious_Disease ...
R: Load model for category Allergen ...
R: Classifying articles according to level 3 models...R: Load model for category Role ...
R: Load model for category Lupus ...
R: Load model for category Actinobacteria_Proteobacteria ...
R: Load model for category dsDNA_Virus ...
R: Load model for category Technique_Based ...
R: Load model for category Plants ...
R: Load model for category Model_Antigen ...
R: Load model for category Multiple_Sclerosis ...
R: Load model for category Transplant ...
R: Load model for category Peptidic_Antigen ...
R: Load model for category RA ...
R: Load model for category Cancer ...
R: Load model for category Firmicutes-Other_Bacteria ...
R: Load model for category General_Autoimm ...
R: Load model for category ssRNA_positive ...
R: Load model for category Other_Allergen ...
R: Load model for category Eukaryota ...
R: Load model for category Eukar ...
R: Load model for category Diabetes ...
R: Load model for category Chemical ...
R: Load model for category ssRNA_negative ...
R: Load model for category Retro-Transcribing_Virus ...
R: Articles classified!
R: Saving the results...
